#
# There is insufficient memory for the Java Runtime Environment to continue.
# Native memory allocation (malloc) failed to allocate 1048576 bytes. Error detail: AllocateHeap
# Possible reasons:
#   The system is out of physical RAM or swap space
#   This process is running with CompressedOops enabled, and the Java Heap may be blocking the growth of the native heap
# Possible solutions:
#   Reduce memory load on the system
#   Increase physical memory or swap space
#   Check if swap backing store is full
#   Decrease Java heap size (-Xmx/-Xms)
#   Decrease number of Java threads
#   Decrease Java thread stack sizes (-Xss)
#   Set larger code cache with -XX:ReservedCodeCacheSize=
#   JVM is running with Unscaled Compressed Oops mode in which the Java heap is
#     placed in the first 4GB address space. The Java Heap base address is the
#     maximum limit for the native heap growth. Please use -XX:HeapBaseMinAddress
#     to set the Java Heap base and to place the Java Heap above 4GB virtual address.
# This output file may be truncated or incomplete.
#
#  Out of Memory Error (allocation.cpp:44), pid=17940, tid=4224
#
# JRE version: OpenJDK Runtime Environment Temurin-21.0.8+9 (21.0.8+9) (build 21.0.8+9-LTS)
# Java VM: OpenJDK 64-Bit Server VM Temurin-21.0.8+9 (21.0.8+9-LTS, mixed mode, sharing, tiered, compressed oops, compressed class ptrs, parallel gc, windows-amd64)
# No core dump will be written. Minidumps are not enabled by default on client versions of Windows
#

---------------  S U M M A R Y ------------

Command Line: --add-modules=ALL-SYSTEM --add-opens=java.base/java.util=ALL-UNNAMED --add-opens=java.base/java.lang=ALL-UNNAMED --add-opens=java.base/sun.nio.fs=ALL-UNNAMED -Declipse.application=org.eclipse.jdt.ls.core.id1 -Dosgi.bundles.defaultStartLevel=4 -Declipse.product=org.eclipse.jdt.ls.core.product -Djava.import.generatesMetadataFilesAtProjectRoot=false -DDetectVMInstallationsJob.disabled=true -Dfile.encoding=utf8 -XX:+UseParallelGC -XX:GCTimeRatio=4 -XX:AdaptiveSizePolicyWeight=90 -Dsun.zip.disableMemoryMapping=true -Xmx2G -Xms100m -Xlog:disable -javaagent:c:\Users\rayar\.vscode\extensions\redhat.java-1.46.0-win32-x64\lombok\lombok-1.18.39-4050.jar -XX:+HeapDumpOnOutOfMemoryError -XX:HeapDumpPath=c:\Users\rayar\AppData\Roaming\Code\User\workspaceStorage\fc659901ca038100e07f4740fa709bd1\redhat.java -Daether.dependencyCollector.impl=bf c:\Users\rayar\.vscode\extensions\redhat.java-1.46.0-win32-x64\server\plugins\org.eclipse.equinox.launcher_1.7.0.v20250519-0528.jar -configuration c:\Users\rayar\AppData\Roaming\Code\User\globalStorage\redhat.java\1.46.0\config_win -data c:\Users\rayar\AppData\Roaming\Code\User\workspaceStorage\fc659901ca038100e07f4740fa709bd1\redhat.java\jdt_ws --pipe=\\.\pipe\lsp-87c1f6afb72fbc86462c4e08ea3664f1-sock

Host: 11th Gen Intel(R) Core(TM) i5-1155G7 @ 2.50GHz, 8 cores, 15G,  Windows 11 , 64 bit Build 26100 (10.0.26100.5074)
Time: Wed Oct  8 10:39:27 2025 SE Asia Standard Time elapsed time: 94.489382 seconds (0d 0h 1m 34s)

---------------  T H R E A D  ---------------

Current thread (0x000001438e67bc80):  JavaThread "Attach Listener" daemon [_thread_in_vm, id=4224, stack(0x00000016c6f00000,0x00000016c7000000) (1024K)]

Stack: [0x00000016c6f00000,0x00000016c7000000]
Native frames: (J=compiled Java code, j=interpreted, Vv=VM code, C=native code)
V  [jvm.dll+0x6d2449]
V  [jvm.dll+0x8ae341]
V  [jvm.dll+0x8b08be]
V  [jvm.dll+0x8b0fa3]
V  [jvm.dll+0x280c96]
V  [jvm.dll+0xc0347]
V  [jvm.dll+0x6d2cf9]
V  [jvm.dll+0x131116]
V  [jvm.dll+0x3f2d16]
V  [jvm.dll+0x857e6b]
V  [jvm.dll+0x6d0b0d]
C  [ucrtbase.dll+0x37b0]
C  [KERNEL32.DLL+0x2e8d7]
C  [ntdll.dll+0x8d9c]


---------------  P R O C E S S  ---------------

Threads class SMR info:
_java_thread_list=0x00000143ef9d50f0, length=67, elements={
0x000001438e6fdcf0, 0x000001438e678380, 0x000001438e7be2c0, 0x000001438e67add0,
0x000001438e67bc80, 0x000001438e67e6e0, 0x000001438e67fb90, 0x000001438e680d70,
0x000001438e6ad8f0, 0x00000143e7a9f610, 0x00000143e7cfcee0, 0x00000143ec3dde70,
0x00000143ec32efa0, 0x00000143ecab83a0, 0x00000143ecaba830, 0x00000143ed0c25e0,
0x00000143e7a24900, 0x00000143ec1c34d0, 0x00000143ec1c2e40, 0x00000143ec1c27b0,
0x00000143ec1c41f0, 0x00000143ec1c3b60, 0x00000143ec1c2120, 0x00000143ec1c4f10,
0x00000143ec1c1a90, 0x00000143ec9ccfb0, 0x00000143ec9cf080, 0x00000143ec9cd640,
0x00000143ec9d0430, 0x00000143ec9cf710, 0x00000143ec9cdcd0, 0x00000143ec9ce360,
0x00000143ec9d17e0, 0x00000143ec9ce9f0, 0x00000143ec9d2500, 0x00000143ec9cfda0,
0x00000143ec9d3220, 0x00000143ec9d38b0, 0x00000143f01d65f0, 0x00000143f01d7310,
0x00000143f01d86c0, 0x00000143f01d8030, 0x00000143f01d8d50, 0x00000143f01d93e0,
0x00000143f01d9a70, 0x00000143ec351d90, 0x00000143ec3537d0, 0x00000143ec353e60,
0x00000143ec3544f0, 0x00000143ec352420, 0x00000143ec354b80, 0x00000143ec352ab0,
0x00000143ec353140, 0x00000143ec351700, 0x00000143ec356c50, 0x00000143ec3558a0,
0x00000143ec358000, 0x00000143ec3572e0, 0x00000143ec355f30, 0x00000143ec3565c0,
0x00000143ec355210, 0x00000143ec357970, 0x00000143ec358690, 0x00000143ec358d20,
0x00000143ec9d3f40, 0x00000143efe90fd0, 0x00000143efe91660
}

Java Threads: ( => current thread )
  0x000001438e6fdcf0 JavaThread "main"                              [_thread_blocked, id=10420, stack(0x00000016c6800000,0x00000016c6900000) (1024K)]
  0x000001438e678380 JavaThread "Reference Handler"          daemon [_thread_blocked, id=21432, stack(0x00000016c6c00000,0x00000016c6d00000) (1024K)]
  0x000001438e7be2c0 JavaThread "Finalizer"                  daemon [_thread_blocked, id=14868, stack(0x00000016c6d00000,0x00000016c6e00000) (1024K)]
  0x000001438e67add0 JavaThread "Signal Dispatcher"          daemon [_thread_blocked, id=19624, stack(0x00000016c6e00000,0x00000016c6f00000) (1024K)]
=>0x000001438e67bc80 JavaThread "Attach Listener"            daemon [_thread_in_vm, id=4224, stack(0x00000016c6f00000,0x00000016c7000000) (1024K)]
  0x000001438e67e6e0 JavaThread "Service Thread"             daemon [_thread_blocked, id=8092, stack(0x00000016c7000000,0x00000016c7100000) (1024K)]
  0x000001438e67fb90 JavaThread "Monitor Deflation Thread"   daemon [_thread_blocked, id=24996, stack(0x00000016c7100000,0x00000016c7200000) (1024K)]
  0x000001438e680d70 JavaThread "C2 CompilerThread0"         daemon [_thread_blocked, id=24464, stack(0x00000016c7200000,0x00000016c7300000) (1024K)]
  0x000001438e6ad8f0 JavaThread "C1 CompilerThread0"         daemon [_thread_blocked, id=20544, stack(0x00000016c7300000,0x00000016c7400000) (1024K)]
  0x00000143e7a9f610 JavaThread "Common-Cleaner"             daemon [_thread_blocked, id=22636, stack(0x00000016c7400000,0x00000016c7500000) (1024K)]
  0x00000143e7cfcee0 JavaThread "Notification Thread"        daemon [_thread_blocked, id=23484, stack(0x00000016c7600000,0x00000016c7700000) (1024K)]
  0x00000143ec3dde70 JavaThread "Active Thread: Equinox Container: 57fbf6fa-aea0-4ef5-b574-ab6f649edd8a"        [_thread_blocked, id=13352, stack(0x00000016c7d00000,0x00000016c7e00000) (1024K)]
  0x00000143ec32efa0 JavaThread "Refresh Thread: Equinox Container: 57fbf6fa-aea0-4ef5-b574-ab6f649edd8a" daemon [_thread_blocked, id=7516, stack(0x00000016c7500000,0x00000016c7600000) (1024K)]
  0x00000143ecab83a0 JavaThread "Framework Event Dispatcher: Equinox Container: 57fbf6fa-aea0-4ef5-b574-ab6f649edd8a" daemon [_thread_blocked, id=24304, stack(0x00000016c7f00000,0x00000016c8000000) (1024K)]
  0x00000143ecaba830 JavaThread "Start Level: Equinox Container: 57fbf6fa-aea0-4ef5-b574-ab6f649edd8a" daemon [_thread_blocked, id=23692, stack(0x00000016c8000000,0x00000016c8100000) (1024K)]
  0x00000143ed0c25e0 JavaThread "Bundle File Closer"         daemon [_thread_blocked, id=18784, stack(0x00000016c8300000,0x00000016c8400000) (1024K)]
  0x00000143e7a24900 JavaThread "SCR Component Actor"        daemon [_thread_blocked, id=1136, stack(0x00000016c8100000,0x00000016c8200000) (1024K)]
  0x00000143ec1c34d0 JavaThread "Worker-JM"                         [_thread_blocked, id=24932, stack(0x00000016c8400000,0x00000016c8500000) (1024K)]
  0x00000143ec1c2e40 JavaThread "Worker-0"                          [_thread_blocked, id=13428, stack(0x00000016c8200000,0x00000016c8300000) (1024K)]
  0x00000143ec1c27b0 JavaThread "Worker-1"                          [_thread_blocked, id=2056, stack(0x00000016c8500000,0x00000016c8600000) (1024K)]
  0x00000143ec1c41f0 JavaThread "Worker-2"                          [_thread_blocked, id=20904, stack(0x00000016c8700000,0x00000016c8800000) (1024K)]
  0x00000143ec1c3b60 JavaThread "Worker-3"                          [_thread_blocked, id=10920, stack(0x00000016c8800000,0x00000016c8900000) (1024K)]
  0x00000143ec1c2120 JavaThread "Java indexing"              daemon [_thread_blocked, id=9248, stack(0x00000016c8a00000,0x00000016c8b00000) (1024K)]
  0x00000143ec1c4f10 JavaThread "JNA Cleaner"                daemon [_thread_blocked, id=16128, stack(0x00000016c8600000,0x00000016c8700000) (1024K)]
  0x00000143ec1c1a90 JavaThread "Worker-4"                          [_thread_blocked, id=17344, stack(0x00000016c8d00000,0x00000016c8e00000) (1024K)]
  0x00000143ec9ccfb0 JavaThread "Worker-5"                          [_thread_blocked, id=4160, stack(0x00000016c8e00000,0x00000016c8f00000) (1024K)]
  0x00000143ec9cf080 JavaThread "Thread-1"                   daemon [_thread_in_native, id=24116, stack(0x00000016c8f00000,0x00000016c9000000) (1024K)]
  0x00000143ec9cd640 JavaThread "Thread-2"                   daemon [_thread_in_native, id=25452, stack(0x00000016c9000000,0x00000016c9100000) (1024K)]
  0x00000143ec9d0430 JavaThread "Thread-3"                   daemon [_thread_in_native, id=23480, stack(0x00000016c9100000,0x00000016c9200000) (1024K)]
  0x00000143ec9cf710 JavaThread "Thread-4"                   daemon [_thread_in_native, id=7124, stack(0x00000016c9200000,0x00000016c9300000) (1024K)]
  0x00000143ec9cdcd0 JavaThread "Thread-5"                   daemon [_thread_in_native, id=17844, stack(0x00000016c9300000,0x00000016c9400000) (1024K)]
  0x00000143ec9ce360 JavaThread "Thread-6"                   daemon [_thread_in_native, id=22484, stack(0x00000016c9400000,0x00000016c9500000) (1024K)]
  0x00000143ec9d17e0 JavaThread "Thread-7"                   daemon [_thread_in_native, id=25268, stack(0x00000016c9500000,0x00000016c9600000) (1024K)]
  0x00000143ec9ce9f0 JavaThread "Thread-8"                   daemon [_thread_in_native, id=8844, stack(0x00000016c9600000,0x00000016c9700000) (1024K)]
  0x00000143ec9d2500 JavaThread "Thread-9"                   daemon [_thread_in_native, id=24784, stack(0x00000016c9700000,0x00000016c9800000) (1024K)]
  0x00000143ec9cfda0 JavaThread "pool-2-thread-1"                   [_thread_blocked, id=22260, stack(0x00000016c9800000,0x00000016c9900000) (1024K)]
  0x00000143ec9d3220 JavaThread "WorkspaceEventsHandler"            [_thread_blocked, id=23688, stack(0x00000016c9a00000,0x00000016c9b00000) (1024K)]
  0x00000143ec9d38b0 JavaThread "pool-1-thread-1"                   [_thread_blocked, id=16788, stack(0x00000016c9b00000,0x00000016c9c00000) (1024K)]
  0x00000143f01d65f0 JavaThread "ForkJoinPool.commonPool-worker-1" daemon [_thread_blocked, id=16948, stack(0x00000016c9900000,0x00000016c9a00000) (1024K)]
  0x00000143f01d7310 JavaThread "ForkJoinPool.commonPool-worker-2" daemon [_thread_blocked, id=17552, stack(0x00000016c9e00000,0x00000016c9f00000) (1024K)]
  0x00000143f01d86c0 JavaThread "ForkJoinPool.commonPool-worker-3" daemon [_thread_blocked, id=3780, stack(0x00000016c9f00000,0x00000016ca000000) (1024K)]
  0x00000143f01d8030 JavaThread "ForkJoinPool.commonPool-worker-4" daemon [_thread_blocked, id=21060, stack(0x00000016ca000000,0x00000016ca100000) (1024K)]
  0x00000143f01d8d50 JavaThread "ForkJoinPool.commonPool-worker-5" daemon [_thread_blocked, id=23848, stack(0x00000016ca100000,0x00000016ca200000) (1024K)]
  0x00000143f01d93e0 JavaThread "ForkJoinPool.commonPool-worker-6" daemon [_thread_blocked, id=25088, stack(0x00000016ca200000,0x00000016ca300000) (1024K)]
  0x00000143f01d9a70 JavaThread "ForkJoinPool.commonPool-worker-7" daemon [_thread_blocked, id=18092, stack(0x00000016ca300000,0x00000016ca400000) (1024K)]
  0x00000143ec351d90 JavaThread "LocalFile Deleter"          daemon [_thread_blocked, id=12632, stack(0x00000016ca500000,0x00000016ca600000) (1024K)]
  0x00000143ec3537d0 JavaThread "LocalFile Deleter"          daemon [_thread_blocked, id=1264, stack(0x00000016ca600000,0x00000016ca700000) (1024K)]
  0x00000143ec353e60 JavaThread "LocalFile Deleter"          daemon [_thread_blocked, id=6744, stack(0x00000016ca700000,0x00000016ca800000) (1024K)]
  0x00000143ec3544f0 JavaThread "LocalFile Deleter"          daemon [_thread_blocked, id=25076, stack(0x00000016ca800000,0x00000016ca900000) (1024K)]
  0x00000143ec352420 JavaThread "LocalFile Deleter"          daemon [_thread_blocked, id=1588, stack(0x00000016ca900000,0x00000016caa00000) (1024K)]
  0x00000143ec354b80 JavaThread "LocalFile Deleter"          daemon [_thread_blocked, id=9008, stack(0x00000016caa00000,0x00000016cab00000) (1024K)]
  0x00000143ec352ab0 JavaThread "LocalFile Deleter"          daemon [_thread_blocked, id=20888, stack(0x00000016cab00000,0x00000016cac00000) (1024K)]
  0x00000143ec353140 JavaThread "LocalFile Deleter"          daemon [_thread_blocked, id=24460, stack(0x00000016cac00000,0x00000016cad00000) (1024K)]
  0x00000143ec351700 JavaThread "Compiler Source File Reader" daemon [_thread_blocked, id=23168, stack(0x00000016cad00000,0x00000016cae00000) (1024K)]
  0x00000143ec356c50 JavaThread "Compiler Source File Reader" daemon [_thread_blocked, id=16488, stack(0x00000016cae00000,0x00000016caf00000) (1024K)]
  0x00000143ec3558a0 JavaThread "Compiler Source File Reader" daemon [_thread_blocked, id=2440, stack(0x00000016caf00000,0x00000016cb000000) (1024K)]
  0x00000143ec358000 JavaThread "Compiler Source File Reader" daemon [_thread_blocked, id=2652, stack(0x00000016cb000000,0x00000016cb100000) (1024K)]
  0x00000143ec3572e0 JavaThread "Compiler Source File Reader" daemon [_thread_blocked, id=24772, stack(0x00000016cb100000,0x00000016cb200000) (1024K)]
  0x00000143ec355f30 JavaThread "Compiler Processing Task"   daemon [_thread_blocked, id=11032, stack(0x00000016ca400000,0x00000016ca500000) (1024K)]
  0x00000143ec3565c0 JavaThread "Compiler Class File Writer" daemon [_thread_blocked, id=22480, stack(0x00000016cb200000,0x00000016cb300000) (1024K)]
  0x00000143ec355210 JavaThread "Compiler Class File Writer" daemon [_thread_blocked, id=5504, stack(0x00000016cb300000,0x00000016cb400000) (1024K)]
  0x00000143ec357970 JavaThread "Compiler Class File Writer" daemon [_thread_blocked, id=2068, stack(0x00000016cb400000,0x00000016cb500000) (1024K)]
  0x00000143ec358690 JavaThread "Compiler Class File Writer" daemon [_thread_blocked, id=21940, stack(0x00000016cb500000,0x00000016cb600000) (1024K)]
  0x00000143ec358d20 JavaThread "Compiler Class File Writer" daemon [_thread_blocked, id=21528, stack(0x00000016cb600000,0x00000016cb700000) (1024K)]
  0x00000143ec9d3f40 JavaThread "Compiler Source File Reader" daemon [_thread_blocked, id=17848, stack(0x00000016cb700000,0x00000016cb800000) (1024K)]
  0x00000143efe90fd0 JavaThread "Compiler Class File Writer" daemon [_thread_blocked, id=13012, stack(0x00000016cb800000,0x00000016cb900000) (1024K)]
  0x00000143efe91660 JavaThread "Cleaner-0"                  daemon [_thread_blocked, id=23256, stack(0x00000016cb900000,0x00000016cba00000) (1024K)]
Total: 67

Other Threads:
  0x000001438e79eb30 VMThread "VM Thread"                           [id=16296, stack(0x00000016c6b00000,0x00000016c6c00000) (1024K)]
  0x000001438e58c950 WatcherThread "VM Periodic Task Thread"        [id=8724, stack(0x00000016c6a00000,0x00000016c6b00000) (1024K)]
  0x000001438e71b500 WorkerThread "GC Thread#0"                     [id=3472, stack(0x00000016c6900000,0x00000016c6a00000) (1024K)]
  0x00000143e7cd2a50 WorkerThread "GC Thread#1"                     [id=3004, stack(0x00000016c7700000,0x00000016c7800000) (1024K)]
  0x00000143ec57d1a0 WorkerThread "GC Thread#2"                     [id=24908, stack(0x00000016c7800000,0x00000016c7900000) (1024K)]
  0x00000143ec90a970 WorkerThread "GC Thread#3"                     [id=22464, stack(0x00000016c7900000,0x00000016c7a00000) (1024K)]
  0x00000143ec7c2d00 WorkerThread "GC Thread#4"                     [id=22628, stack(0x00000016c7a00000,0x00000016c7b00000) (1024K)]
  0x00000143ec7c30a0 WorkerThread "GC Thread#5"                     [id=24904, stack(0x00000016c7b00000,0x00000016c7c00000) (1024K)]
  0x00000143ec7c3440 WorkerThread "GC Thread#6"                     [id=9308, stack(0x00000016c7c00000,0x00000016c7d00000) (1024K)]
  0x00000143ec0b38f0 WorkerThread "GC Thread#7"                     [id=11152, stack(0x00000016c7e00000,0x00000016c7f00000) (1024K)]
Total: 10

Threads with active compile tasks:
Total: 0

VM state: not at safepoint (normal execution)

VM Mutex/Monitor currently owned by a thread: None

Heap address: 0x0000000080000000, size: 2048 MB, Compressed Oops mode: 32-bit

CDS archive(s) mapped at: [0x00000143a5000000-0x00000143a5ba0000-0x00000143a5ba0000), size 12189696, SharedBaseAddress: 0x00000143a5000000, ArchiveRelocationMode: 1.
Compressed class space mapped at: 0x00000143a6000000-0x00000143e6000000, reserved size: 1073741824
Narrow klass base: 0x00000143a5000000, Narrow klass shift: 0, Narrow klass range: 0x100000000

GC Precious Log:
 CardTable entry size: 512
 CPUs: 8 total, 8 available
 Memory: 16026M
 Large Page Support: Disabled
 NUMA Support: Disabled
 Compressed Oops: Enabled (32-bit)
 Alignments: Space 512K, Generation 512K, Heap 2M
 Heap Min Capacity: 100M
 Heap Initial Capacity: 100M
 Heap Max Capacity: 2G
 Pre-touch: Disabled
 Parallel Workers: 8

Heap:
 PSYoungGen      total 5120K, used 4727K [0x00000000d5580000, 0x00000000d5d00000, 0x0000000100000000)
  eden space 2560K, 92% used [0x00000000d5580000,0x00000000d57cf328,0x00000000d5800000)
  from space 2560K, 92% used [0x00000000d5a80000,0x00000000d5ccea50,0x00000000d5d00000)
  to   space 2560K, 0% used [0x00000000d5800000,0x00000000d5800000,0x00000000d5a80000)
 ParOldGen       total 934400K, used 934287K [0x0000000080000000, 0x00000000b9080000, 0x00000000d5580000)
  object space 934400K, 99% used [0x0000000080000000,0x00000000b9063c00,0x00000000b9080000)
 Metaspace       used 74959K, committed 76608K, reserved 1179648K
  class space    used 7940K, committed 8640K, reserved 1048576K

Card table byte_map: [0x000001438e0a0000,0x000001438e4b0000] _byte_map_base: 0x000001438dca0000

Marking Bits: (ParMarkBitMap*) 0x00007ffd62eba340
 Begin Bits: [0x00000143a0ba0000, 0x00000143a2ba0000)
 End Bits:   [0x00000143a2ba0000, 0x00000143a4ba0000)

Polling page: 0x000001438c8a0000

Metaspace:

Usage:
  Non-class:     65.45 MB used.
      Class:      7.75 MB used.
       Both:     73.20 MB used.

Virtual space:
  Non-class space:      128.00 MB reserved,      66.38 MB ( 52%) committed,  2 nodes.
      Class space:        1.00 GB reserved,       8.44 MB ( <1%) committed,  1 nodes.
             Both:        1.12 GB reserved,      74.81 MB (  6%) committed. 

Chunk freelists:
   Non-Class:  13.00 MB
       Class:  7.54 MB
        Both:  20.54 MB

MaxMetaspaceSize: unlimited
CompressedClassSpaceSize: 1.00 GB
Initial GC threshold: 21.00 MB
Current GC threshold: 97.31 MB
CDS: on
 - commit_granule_bytes: 65536.
 - commit_granule_words: 8192.
 - virtual_space_node_default_size: 8388608.
 - enlarge_chunks_in_place: 1.
 - use_allocation_guard: 0.


Internal statistics:

num_allocs_failed_limit: 11.
num_arena_births: 1248.
num_arena_deaths: 16.
num_vsnodes_births: 3.
num_vsnodes_deaths: 0.
num_space_committed: 1197.
num_space_uncommitted: 0.
num_chunks_returned_to_freelist: 28.
num_chunks_taken_from_freelist: 4646.
num_chunk_merges: 15.
num_chunk_splits: 2822.
num_chunks_enlarged: 1618.
num_inconsistent_stats: 0.

CodeHeap 'non-profiled nmethods': size=120000Kb used=11812Kb max_used=11812Kb free=108187Kb
 bounds [0x00000143993c0000, 0x0000014399f50000, 0x00000143a08f0000]
CodeHeap 'profiled nmethods': size=120000Kb used=29973Kb max_used=29973Kb free=90026Kb
 bounds [0x00000143918f0000, 0x0000014393640000, 0x0000014398e20000]
CodeHeap 'non-nmethods': size=5760Kb used=1505Kb max_used=1571Kb free=4254Kb
 bounds [0x0000014398e20000, 0x0000014399090000, 0x00000143993c0000]
CodeCache: size=245760Kb, used=43290Kb, max_used=43356Kb, free=202467Kb
 total_blobs=13925, nmethods=13115, adapters=715, full_count=0
Compilation: enabled, stopped_count=0, restarted_count=0

Compilation events (20 events):
Event: 88.790 Thread 0x000001438e6ad8f0 nmethod 13912 0x0000014399f36410 code [0x0000014399f365a0, 0x0000014399f36668]
Event: 88.790 Thread 0x000001438e6ad8f0 13913  s    3       org.eclipse.jdt.internal.core.index.DiskIndex::startQuery (11 bytes)
Event: 88.790 Thread 0x000001438e6ad8f0 nmethod 13913 0x0000014393633010 code [0x00000143936331c0, 0x0000014393633390]
Event: 88.805 Thread 0x000001438e6ad8f0 13914  s    3       org.eclipse.jdt.internal.core.index.DiskIndex::stopQuery (92 bytes)
Event: 88.806 Thread 0x000001438e6ad8f0 nmethod 13914 0x0000014393633410 code [0x0000014393633600, 0x0000014393633a58]
Event: 88.840 Thread 0x000001438e6ad8f0 13915       3       java.util.ArrayList::forEach (74 bytes)
Event: 88.841 Thread 0x000001438e6ad8f0 nmethod 13915 0x0000014393633c10 code [0x0000014393633e20, 0x00000143936343f8]
Event: 88.841 Thread 0x000001438e6ad8f0 13918       3       org.eclipse.core.runtime.SubMonitor::split (72 bytes)
Event: 88.841 Thread 0x000001438e6ad8f0 nmethod 13918 0x0000014393634690 code [0x00000143936348c0, 0x0000014393634ff0]
Event: 88.841 Thread 0x000001438e6ad8f0 13916       2       org.eclipse.core.runtime.SubMonitor$RootInfo::checkForCancellation (21 bytes)
Event: 88.842 Thread 0x000001438e6ad8f0 nmethod 13916 0x0000014393635290 code [0x0000014393635440, 0x0000014393635630]
Event: 88.842 Thread 0x000001438e6ad8f0 13917       1       java.util.concurrent.ForkJoinTask$AdaptedCallable::getRawResult (5 bytes)
Event: 88.842 Thread 0x000001438e6ad8f0 nmethod 13917 0x0000014399f36710 code [0x0000014399f368a0, 0x0000014399f36968]
Event: 88.981 Thread 0x000001438e680d70 nmethod 13888 0x0000014399f36a10 code [0x0000014399f37420, 0x0000014399f40c40]
Event: 88.982 Thread 0x000001438e680d70 13895       4       org.eclipse.jdt.internal.core.index.DiskIndex::readStreamChars (529 bytes)
Event: 89.027 Thread 0x000001438e680d70 nmethod 13895 0x0000014399f45d90 code [0x0000014399f45fa0, 0x0000014399f46de8]
Event: 89.027 Thread 0x000001438e680d70 13909 %     4       org.eclipse.jdt.internal.core.index.DiskIndex::addQueryResults @ 361 (739 bytes)
Event: 89.053 Thread 0x000001438e680d70 nmethod 13909% 0x0000014399f47290 code [0x0000014399f474a0, 0x0000014399f47d18]
Event: 89.053 Thread 0x000001438e680d70 13906       4       org.eclipse.jdt.internal.core.JavaProject::getPerProjectInfo (11 bytes)
Event: 89.068 Thread 0x000001438e680d70 nmethod 13906 0x0000014399f48390 code [0x0000014399f48560, 0x0000014399f48c98]

GC Heap History (20 events):
Event: 88.194 GC heap before
{Heap before GC invocations=1786 (full 3):
 PSYoungGen      total 5632K, used 5412K [0x00000000d5580000, 0x00000000d5d80000, 0x0000000100000000)
  eden space 4096K, 100% used [0x00000000d5580000,0x00000000d5980000,0x00000000d5980000)
  from space 1536K, 85% used [0x00000000d5c00000,0x00000000d5d49008,0x00000000d5d80000)
  to   space 1536K, 0% used [0x00000000d5a80000,0x00000000d5a80000,0x00000000d5c00000)
 ParOldGen       total 919552K, used 919290K [0x0000000080000000, 0x00000000b8200000, 0x00000000d5580000)
  object space 919552K, 99% used [0x0000000080000000,0x00000000b81beaa8,0x00000000b8200000)
 Metaspace       used 74874K, committed 76480K, reserved 1179648K
  class space    used 7933K, committed 8640K, reserved 1048576K
}
Event: 88.200 GC heap after
{Heap after GC invocations=1786 (full 3):
 PSYoungGen      total 5632K, used 1344K [0x00000000d5580000, 0x00000000d5c80000, 0x0000000100000000)
  eden space 4096K, 0% used [0x00000000d5580000,0x00000000d5580000,0x00000000d5980000)
  from space 1536K, 87% used [0x00000000d5a80000,0x00000000d5bd0000,0x00000000d5c00000)
  to   space 512K, 0% used [0x00000000d5c00000,0x00000000d5c00000,0x00000000d5c80000)
 ParOldGen       total 920576K, used 920495K [0x0000000080000000, 0x00000000b8300000, 0x00000000d5580000)
  object space 920576K, 99% used [0x0000000080000000,0x00000000b82ebf20,0x00000000b8300000)
 Metaspace       used 74874K, committed 76480K, reserved 1179648K
  class space    used 7933K, committed 8640K, reserved 1048576K
}
Event: 88.299 GC heap before
{Heap before GC invocations=1787 (full 3):
 PSYoungGen      total 5632K, used 5440K [0x00000000d5580000, 0x00000000d5c80000, 0x0000000100000000)
  eden space 4096K, 100% used [0x00000000d5580000,0x00000000d5980000,0x00000000d5980000)
  from space 1536K, 87% used [0x00000000d5a80000,0x00000000d5bd0000,0x00000000d5c00000)
  to   space 512K, 0% used [0x00000000d5c00000,0x00000000d5c00000,0x00000000d5c80000)
 ParOldGen       total 920576K, used 920495K [0x0000000080000000, 0x00000000b8300000, 0x00000000d5580000)
  object space 920576K, 99% used [0x0000000080000000,0x00000000b82ebf20,0x00000000b8300000)
 Metaspace       used 74874K, committed 76480K, reserved 1179648K
  class space    used 7933K, committed 8640K, reserved 1048576K
}
Event: 88.307 GC heap after
{Heap after GC invocations=1787 (full 3):
 PSYoungGen      total 4608K, used 512K [0x00000000d5580000, 0x00000000d5e80000, 0x0000000100000000)
  eden space 4096K, 0% used [0x00000000d5580000,0x00000000d5580000,0x00000000d5980000)
  from space 512K, 100% used [0x00000000d5c00000,0x00000000d5c80000,0x00000000d5c80000)
  to   space 2560K, 0% used [0x00000000d5980000,0x00000000d5980000,0x00000000d5c00000)
 ParOldGen       total 922624K, used 922192K [0x0000000080000000, 0x00000000b8500000, 0x00000000d5580000)
  object space 922624K, 99% used [0x0000000080000000,0x00000000b8494370,0x00000000b8500000)
 Metaspace       used 74874K, committed 76480K, reserved 1179648K
  class space    used 7933K, committed 8640K, reserved 1048576K
}
Event: 88.349 GC heap before
{Heap before GC invocations=1788 (full 3):
 PSYoungGen      total 4608K, used 4608K [0x00000000d5580000, 0x00000000d5e80000, 0x0000000100000000)
  eden space 4096K, 100% used [0x00000000d5580000,0x00000000d5980000,0x00000000d5980000)
  from space 512K, 100% used [0x00000000d5c00000,0x00000000d5c80000,0x00000000d5c80000)
  to   space 2560K, 0% used [0x00000000d5980000,0x00000000d5980000,0x00000000d5c00000)
 ParOldGen       total 922624K, used 922192K [0x0000000080000000, 0x00000000b8500000, 0x00000000d5580000)
  object space 922624K, 99% used [0x0000000080000000,0x00000000b8494370,0x00000000b8500000)
 Metaspace       used 74874K, committed 76480K, reserved 1179648K
  class space    used 7933K, committed 8640K, reserved 1048576K
}
Event: 88.355 GC heap after
{Heap after GC invocations=1788 (full 3):
 PSYoungGen      total 6144K, used 1670K [0x00000000d5580000, 0x00000000d5d80000, 0x0000000100000000)
  eden space 4096K, 0% used [0x00000000d5580000,0x00000000d5580000,0x00000000d5980000)
  from space 2048K, 81% used [0x00000000d5980000,0x00000000d5b21be8,0x00000000d5b80000)
  to   space 2048K, 0% used [0x00000000d5b80000,0x00000000d5b80000,0x00000000d5d80000)
 ParOldGen       total 922624K, used 922623K [0x0000000080000000, 0x00000000b8500000, 0x00000000d5580000)
  object space 922624K, 99% used [0x0000000080000000,0x00000000b84ffec0,0x00000000b8500000)
 Metaspace       used 74874K, committed 76480K, reserved 1179648K
  class space    used 7933K, committed 8640K, reserved 1048576K
}
Event: 88.448 GC heap before
{Heap before GC invocations=1789 (full 3):
 PSYoungGen      total 6144K, used 5766K [0x00000000d5580000, 0x00000000d5d80000, 0x0000000100000000)
  eden space 4096K, 99% used [0x00000000d5580000,0x00000000d597fff0,0x00000000d5980000)
  from space 2048K, 81% used [0x00000000d5980000,0x00000000d5b21be8,0x00000000d5b80000)
  to   space 2048K, 0% used [0x00000000d5b80000,0x00000000d5b80000,0x00000000d5d80000)
 ParOldGen       total 922624K, used 922623K [0x0000000080000000, 0x00000000b8500000, 0x00000000d5580000)
  object space 922624K, 99% used [0x0000000080000000,0x00000000b84ffec0,0x00000000b8500000)
 Metaspace       used 74874K, committed 76480K, reserved 1179648K
  class space    used 7933K, committed 8640K, reserved 1048576K
}
Event: 88.453 GC heap after
{Heap after GC invocations=1789 (full 3):
 PSYoungGen      total 5632K, used 1216K [0x00000000d5580000, 0x00000000d5d00000, 0x0000000100000000)
  eden space 4096K, 0% used [0x00000000d5580000,0x00000000d5580000,0x00000000d5980000)
  from space 1536K, 79% used [0x00000000d5b80000,0x00000000d5cb0000,0x00000000d5d00000)
  to   space 1536K, 0% used [0x00000000d5a00000,0x00000000d5a00000,0x00000000d5b80000)
 ParOldGen       total 924160K, used 924114K [0x0000000080000000, 0x00000000b8680000, 0x00000000d5580000)
  object space 924160K, 99% used [0x0000000080000000,0x00000000b8674a00,0x00000000b8680000)
 Metaspace       used 74874K, committed 76480K, reserved 1179648K
  class space    used 7933K, committed 8640K, reserved 1048576K
}
Event: 88.532 GC heap before
{Heap before GC invocations=1790 (full 3):
 PSYoungGen      total 5632K, used 5312K [0x00000000d5580000, 0x00000000d5d00000, 0x0000000100000000)
  eden space 4096K, 100% used [0x00000000d5580000,0x00000000d5980000,0x00000000d5980000)
  from space 1536K, 79% used [0x00000000d5b80000,0x00000000d5cb0000,0x00000000d5d00000)
  to   space 1536K, 0% used [0x00000000d5a00000,0x00000000d5a00000,0x00000000d5b80000)
 ParOldGen       total 924160K, used 924114K [0x0000000080000000, 0x00000000b8680000, 0x00000000d5580000)
  object space 924160K, 99% used [0x0000000080000000,0x00000000b8674a00,0x00000000b8680000)
 Metaspace       used 74874K, committed 76480K, reserved 1179648K
  class space    used 7933K, committed 8640K, reserved 1048576K
}
Event: 88.538 GC heap after
{Heap after GC invocations=1790 (full 3):
 PSYoungGen      total 5632K, used 1234K [0x00000000d5580000, 0x00000000d5c80000, 0x0000000100000000)
  eden space 4096K, 0% used [0x00000000d5580000,0x00000000d5580000,0x00000000d5980000)
  from space 1536K, 80% used [0x00000000d5a00000,0x00000000d5b34808,0x00000000d5b80000)
  to   space 1024K, 0% used [0x00000000d5b80000,0x00000000d5b80000,0x00000000d5c80000)
 ParOldGen       total 925696K, used 925222K [0x0000000080000000, 0x00000000b8800000, 0x00000000d5580000)
  object space 925696K, 99% used [0x0000000080000000,0x00000000b8789a30,0x00000000b8800000)
 Metaspace       used 74874K, committed 76480K, reserved 1179648K
  class space    used 7933K, committed 8640K, reserved 1048576K
}
Event: 88.601 GC heap before
{Heap before GC invocations=1791 (full 3):
 PSYoungGen      total 5632K, used 5330K [0x00000000d5580000, 0x00000000d5c80000, 0x0000000100000000)
  eden space 4096K, 100% used [0x00000000d5580000,0x00000000d5980000,0x00000000d5980000)
  from space 1536K, 80% used [0x00000000d5a00000,0x00000000d5b34808,0x00000000d5b80000)
  to   space 1024K, 0% used [0x00000000d5b80000,0x00000000d5b80000,0x00000000d5c80000)
 ParOldGen       total 925696K, used 925222K [0x0000000080000000, 0x00000000b8800000, 0x00000000d5580000)
  object space 925696K, 99% used [0x0000000080000000,0x00000000b8789a30,0x00000000b8800000)
 Metaspace       used 74883K, committed 76480K, reserved 1179648K
  class space    used 7933K, committed 8640K, reserved 1048576K
}
Event: 88.606 GC heap after
{Heap after GC invocations=1791 (full 3):
 PSYoungGen      total 3584K, used 1005K [0x00000000d5580000, 0x00000000d6080000, 0x0000000100000000)
  eden space 2560K, 0% used [0x00000000d5580000,0x00000000d5580000,0x00000000d5800000)
  from space 1024K, 98% used [0x00000000d5b80000,0x00000000d5c7b690,0x00000000d5c80000)
  to   space 3584K, 0% used [0x00000000d5800000,0x00000000d5800000,0x00000000d5b80000)
 ParOldGen       total 927232K, used 927155K [0x0000000080000000, 0x00000000b8980000, 0x00000000d5580000)
  object space 927232K, 99% used [0x0000000080000000,0x00000000b896cee8,0x00000000b8980000)
 Metaspace       used 74883K, committed 76480K, reserved 1179648K
  class space    used 7933K, committed 8640K, reserved 1048576K
}
Event: 88.642 GC heap before
{Heap before GC invocations=1792 (full 3):
 PSYoungGen      total 3584K, used 3565K [0x00000000d5580000, 0x00000000d6080000, 0x0000000100000000)
  eden space 2560K, 100% used [0x00000000d5580000,0x00000000d5800000,0x00000000d5800000)
  from space 1024K, 98% used [0x00000000d5b80000,0x00000000d5c7b690,0x00000000d5c80000)
  to   space 3584K, 0% used [0x00000000d5800000,0x00000000d5800000,0x00000000d5b80000)
 ParOldGen       total 927232K, used 927155K [0x0000000080000000, 0x00000000b8980000, 0x00000000d5580000)
  object space 927232K, 99% used [0x0000000080000000,0x00000000b896cee8,0x00000000b8980000)
 Metaspace       used 74912K, committed 76608K, reserved 1179648K
  class space    used 7937K, committed 8640K, reserved 1048576K
}
Event: 88.647 GC heap after
{Heap after GC invocations=1792 (full 3):
 PSYoungGen      total 5120K, used 2083K [0x00000000d5580000, 0x00000000d5d00000, 0x0000000100000000)
  eden space 2560K, 0% used [0x00000000d5580000,0x00000000d5580000,0x00000000d5800000)
  from space 2560K, 81% used [0x00000000d5800000,0x00000000d5a08df8,0x00000000d5a80000)
  to   space 2560K, 0% used [0x00000000d5a80000,0x00000000d5a80000,0x00000000d5d00000)
 ParOldGen       total 928256K, used 928162K [0x0000000080000000, 0x00000000b8a80000, 0x00000000d5580000)
  object space 928256K, 99% used [0x0000000080000000,0x00000000b8a68920,0x00000000b8a80000)
 Metaspace       used 74912K, committed 76608K, reserved 1179648K
  class space    used 7937K, committed 8640K, reserved 1048576K
}
Event: 88.687 GC heap before
{Heap before GC invocations=1793 (full 3):
 PSYoungGen      total 5120K, used 4643K [0x00000000d5580000, 0x00000000d5d00000, 0x0000000100000000)
  eden space 2560K, 100% used [0x00000000d5580000,0x00000000d5800000,0x00000000d5800000)
  from space 2560K, 81% used [0x00000000d5800000,0x00000000d5a08df8,0x00000000d5a80000)
  to   space 2560K, 0% used [0x00000000d5a80000,0x00000000d5a80000,0x00000000d5d00000)
 ParOldGen       total 928256K, used 928162K [0x0000000080000000, 0x00000000b8a80000, 0x00000000d5580000)
  object space 928256K, 99% used [0x0000000080000000,0x00000000b8a68920,0x00000000b8a80000)
 Metaspace       used 74944K, committed 76608K, reserved 1179648K
  class space    used 7940K, committed 8640K, reserved 1048576K
}
Event: 88.691 GC heap after
{Heap after GC invocations=1793 (full 3):
 PSYoungGen      total 5120K, used 2016K [0x00000000d5580000, 0x00000000d5d00000, 0x0000000100000000)
  eden space 2560K, 0% used [0x00000000d5580000,0x00000000d5580000,0x00000000d5800000)
  from space 2560K, 78% used [0x00000000d5a80000,0x00000000d5c78000,0x00000000d5d00000)
  to   space 2560K, 0% used [0x00000000d5800000,0x00000000d5800000,0x00000000d5a80000)
 ParOldGen       total 930304K, used 930146K [0x0000000080000000, 0x00000000b8c80000, 0x00000000d5580000)
  object space 930304K, 99% used [0x0000000080000000,0x00000000b8c58ac0,0x00000000b8c80000)
 Metaspace       used 74944K, committed 76608K, reserved 1179648K
  class space    used 7940K, committed 8640K, reserved 1048576K
}
Event: 88.739 GC heap before
{Heap before GC invocations=1794 (full 3):
 PSYoungGen      total 5120K, used 4576K [0x00000000d5580000, 0x00000000d5d00000, 0x0000000100000000)
  eden space 2560K, 100% used [0x00000000d5580000,0x00000000d5800000,0x00000000d5800000)
  from space 2560K, 78% used [0x00000000d5a80000,0x00000000d5c78000,0x00000000d5d00000)
  to   space 2560K, 0% used [0x00000000d5800000,0x00000000d5800000,0x00000000d5a80000)
 ParOldGen       total 930304K, used 930146K [0x0000000080000000, 0x00000000b8c80000, 0x00000000d5580000)
  object space 930304K, 99% used [0x0000000080000000,0x00000000b8c58ac0,0x00000000b8c80000)
 Metaspace       used 74945K, committed 76608K, reserved 1179648K
  class space    used 7940K, committed 8640K, reserved 1048576K
}
Event: 88.744 GC heap after
{Heap after GC invocations=1794 (full 3):
 PSYoungGen      total 5120K, used 2336K [0x00000000d5580000, 0x00000000d5d00000, 0x0000000100000000)
  eden space 2560K, 0% used [0x00000000d5580000,0x00000000d5580000,0x00000000d5800000)
  from space 2560K, 91% used [0x00000000d5800000,0x00000000d5a48000,0x00000000d5a80000)
  to   space 2560K, 0% used [0x00000000d5a80000,0x00000000d5a80000,0x00000000d5d00000)
 ParOldGen       total 932352K, used 932061K [0x0000000080000000, 0x00000000b8e80000, 0x00000000d5580000)
  object space 932352K, 99% used [0x0000000080000000,0x00000000b8e37610,0x00000000b8e80000)
 Metaspace       used 74945K, committed 76608K, reserved 1179648K
  class space    used 7940K, committed 8640K, reserved 1048576K
}
Event: 88.792 GC heap before
{Heap before GC invocations=1795 (full 3):
 PSYoungGen      total 5120K, used 4896K [0x00000000d5580000, 0x00000000d5d00000, 0x0000000100000000)
  eden space 2560K, 100% used [0x00000000d5580000,0x00000000d5800000,0x00000000d5800000)
  from space 2560K, 91% used [0x00000000d5800000,0x00000000d5a48000,0x00000000d5a80000)
  to   space 2560K, 0% used [0x00000000d5a80000,0x00000000d5a80000,0x00000000d5d00000)
 ParOldGen       total 932352K, used 932061K [0x0000000080000000, 0x00000000b8e80000, 0x00000000d5580000)
  object space 932352K, 99% used [0x0000000080000000,0x00000000b8e37610,0x00000000b8e80000)
 Metaspace       used 74945K, committed 76608K, reserved 1179648K
  class space    used 7940K, committed 8640K, reserved 1048576K
}
Event: 88.797 GC heap after
{Heap after GC invocations=1795 (full 3):
 PSYoungGen      total 5120K, used 2362K [0x00000000d5580000, 0x00000000d5d00000, 0x0000000100000000)
  eden space 2560K, 0% used [0x00000000d5580000,0x00000000d5580000,0x00000000d5800000)
  from space 2560K, 92% used [0x00000000d5a80000,0x00000000d5ccea50,0x00000000d5d00000)
  to   space 2560K, 0% used [0x00000000d5800000,0x00000000d5800000,0x00000000d5a80000)
 ParOldGen       total 934400K, used 934287K [0x0000000080000000, 0x00000000b9080000, 0x00000000d5580000)
  object space 934400K, 99% used [0x0000000080000000,0x00000000b9063c00,0x00000000b9080000)
 Metaspace       used 74945K, committed 76608K, reserved 1179648K
  class space    used 7940K, committed 8640K, reserved 1048576K
}

Dll operation events (14 events):
Event: 0.030 Loaded shared library c:\Users\rayar\.vscode\extensions\redhat.java-1.46.0-win32-x64\jre\21.0.8-win32-x86_64\bin\java.dll
Event: 0.465 Loaded shared library c:\Users\rayar\.vscode\extensions\redhat.java-1.46.0-win32-x64\jre\21.0.8-win32-x86_64\bin\zip.dll
Event: 0.563 Loaded shared library C:\Users\rayar\.vscode\extensions\redhat.java-1.46.0-win32-x64\jre\21.0.8-win32-x86_64\bin\instrument.dll
Event: 0.588 Loaded shared library C:\Users\rayar\.vscode\extensions\redhat.java-1.46.0-win32-x64\jre\21.0.8-win32-x86_64\bin\net.dll
Event: 0.600 Loaded shared library C:\Users\rayar\.vscode\extensions\redhat.java-1.46.0-win32-x64\jre\21.0.8-win32-x86_64\bin\nio.dll
Event: 0.616 Loaded shared library C:\Users\rayar\.vscode\extensions\redhat.java-1.46.0-win32-x64\jre\21.0.8-win32-x86_64\bin\zip.dll
Event: 0.702 Loaded shared library C:\Users\rayar\.vscode\extensions\redhat.java-1.46.0-win32-x64\jre\21.0.8-win32-x86_64\bin\jimage.dll
Event: 0.958 Loaded shared library c:\Users\rayar\.vscode\extensions\redhat.java-1.46.0-win32-x64\jre\21.0.8-win32-x86_64\bin\verify.dll
Event: 4.649 Loaded shared library C:\Users\rayar\AppData\Roaming\Code\User\globalStorage\redhat.java\1.46.0\config_win\org.eclipse.equinox.launcher\org.eclipse.equinox.launcher.win32.win32.x86_64_1.2.1400.v20250801-0854\eclipse_11916.dll
Event: 7.802 Loaded shared library C:\Users\rayar\.vscode\extensions\redhat.java-1.46.0-win32-x64\jre\21.0.8-win32-x86_64\bin\management.dll
Event: 7.810 Loaded shared library C:\Users\rayar\.vscode\extensions\redhat.java-1.46.0-win32-x64\jre\21.0.8-win32-x86_64\bin\management_ext.dll
Event: 12.914 Loaded shared library C:\Users\rayar\AppData\Local\Temp\jna-108290523\jna7116242284582140178.dll
Event: 14.357 Loaded shared library C:\Users\rayar\.vscode\extensions\redhat.java-1.46.0-win32-x64\jre\21.0.8-win32-x86_64\bin\sunmscapi.dll
Event: 14.985 Loaded shared library C:\Users\rayar\.vscode\extensions\redhat.java-1.46.0-win32-x64\jre\21.0.8-win32-x86_64\bin\extnet.dll

Deoptimization events (20 events):
Event: 88.746 Thread 0x00000143f01d86c0 DEOPT PACKING pc=0x000001439361a99c sp=0x00000016c9ffe530
Event: 88.746 Thread 0x00000143f01d86c0 DEOPT UNPACKING pc=0x0000014398e778e2 sp=0x00000016c9ffdae0 mode 0
Event: 88.785 Thread 0x00000143f01d93e0 DEOPT PACKING pc=0x000001439361a99c sp=0x00000016ca2fead0
Event: 88.785 Thread 0x00000143f01d93e0 DEOPT UNPACKING pc=0x0000014398e778e2 sp=0x00000016ca2fe080 mode 0
Event: 88.831 Thread 0x00000143f01d8d50 Uncommon trap: trap_request=0xffffff45 fr.pc=0x0000014399f2a308 relative=0x00000000000059e8
Event: 88.831 Thread 0x00000143f01d8d50 Uncommon trap: reason=unstable_if action=reinterpret pc=0x0000014399f2a308 method=org.eclipse.jdt.internal.core.index.DiskIndex.readCategoryTable([CZ)Lorg/eclipse/jdt/internal/compiler/util/HashtableOfObject; @ 416 c2
Event: 88.831 Thread 0x00000143f01d8d50 DEOPT PACKING pc=0x0000014399f2a308 sp=0x00000016ca1feb00
Event: 88.831 Thread 0x00000143f01d8d50 DEOPT UNPACKING pc=0x0000014398e76da2 sp=0x00000016ca1feaf0 mode 2
Event: 88.832 Thread 0x00000143f01d8d50 Uncommon trap: trap_request=0xffffff45 fr.pc=0x0000014399f0d5d4 relative=0x00000000000005b4
Event: 88.832 Thread 0x00000143f01d8d50 Uncommon trap: reason=unstable_if action=reinterpret pc=0x0000014399f0d5d4 method=org.eclipse.jdt.internal.core.index.DiskIndex.addQueryResult(Lorg/eclipse/jdt/internal/compiler/util/HashtableOfObject;[CLjava/lang/Object;Lorg/eclipse/jdt/internal/core/ind
Event: 88.832 Thread 0x00000143f01d8d50 DEOPT PACKING pc=0x0000014399f0d5d4 sp=0x00000016ca1fea80
Event: 88.832 Thread 0x00000143f01d8d50 DEOPT UNPACKING pc=0x0000014398e76da2 sp=0x00000016ca1fe9d0 mode 2
Event: 88.835 Thread 0x00000143f01d8d50 Uncommon trap: trap_request=0xffffff76 fr.pc=0x0000014399f339d0 relative=0x0000000000002c90
Event: 88.835 Thread 0x00000143f01d8d50 Uncommon trap: reason=predicate action=maybe_recompile pc=0x0000014399f339d0 method=org.eclipse.jdt.internal.core.index.DiskIndex.readChunk([Ljava/lang/String;Ljava/io/InputStream;II)V @ 262 c2
Event: 88.835 Thread 0x00000143f01d8d50 DEOPT PACKING pc=0x0000014399f339d0 sp=0x00000016ca1febb0
Event: 88.835 Thread 0x00000143f01d8d50 DEOPT UNPACKING pc=0x0000014398e76da2 sp=0x00000016ca1feba8 mode 2
Event: 88.840 Thread 0x00000143ec1c2e40 Uncommon trap: trap_request=0xffffff45 fr.pc=0x0000014399ec9284 relative=0x00000000000005e4
Event: 88.840 Thread 0x00000143ec1c2e40 Uncommon trap: reason=unstable_if action=reinterpret pc=0x0000014399ec9284 method=org.eclipse.core.runtime.SubMonitor.newChild(II)Lorg/eclipse/core/runtime/SubMonitor; @ 102 c2
Event: 88.840 Thread 0x00000143ec1c2e40 DEOPT PACKING pc=0x0000014399ec9284 sp=0x00000016c82fe970
Event: 88.840 Thread 0x00000143ec1c2e40 DEOPT UNPACKING pc=0x0000014398e76da2 sp=0x00000016c82fe870 mode 2

Classes loaded (20 events):
Event: 37.225 Loading class java/util/stream/ReduceOps$4
Event: 37.226 Loading class java/util/stream/ReduceOps$4 done
Event: 37.226 Loading class java/util/stream/ReduceOps$4ReducingSink
Event: 37.226 Loading class java/util/stream/ReduceOps$4ReducingSink done
Event: 37.232 Loading class java/nio/file/Files$2
Event: 37.233 Loading class java/nio/file/Files$2 done
Event: 38.235 Loading class jdk/internal/module/IllegalAccessLogger
Event: 38.235 Loading class jdk/internal/module/IllegalAccessLogger done
Event: 38.271 Loading class java/util/concurrent/ArrayBlockingQueue
Event: 38.272 Loading class java/util/concurrent/ArrayBlockingQueue done
Event: 38.596 Loading class java/util/concurrent/ConcurrentHashMap$KeySpliterator
Event: 38.596 Loading class java/util/concurrent/ConcurrentHashMap$KeySpliterator done
Event: 39.250 Loading class jdk/internal/module/IllegalAccessLogger
Event: 39.250 Loading class jdk/internal/module/IllegalAccessLogger done
Event: 41.286 Loading class jdk/internal/ref/CleanerImpl$InnocuousThreadFactory
Event: 41.286 Loading class jdk/internal/ref/CleanerImpl$InnocuousThreadFactory done
Event: 42.068 Loading class java/io/CharArrayWriter
Event: 42.068 Loading class java/io/CharArrayWriter done
Event: 42.098 Loading class java/nio/file/attribute/PosixFileAttributes
Event: 42.099 Loading class java/nio/file/attribute/PosixFileAttributes done

Classes unloaded (8 events):
Event: 9.614 Thread 0x000001438e79eb30 Unloading class 0x00000143a61a6800 'java/lang/invoke/LambdaForm$MH+0x00000143a61a6800'
Event: 9.614 Thread 0x000001438e79eb30 Unloading class 0x00000143a61a6400 'java/lang/invoke/LambdaForm$MH+0x00000143a61a6400'
Event: 9.614 Thread 0x000001438e79eb30 Unloading class 0x00000143a61a6000 'java/lang/invoke/LambdaForm$MH+0x00000143a61a6000'
Event: 9.614 Thread 0x000001438e79eb30 Unloading class 0x00000143a61a5c00 'java/lang/invoke/LambdaForm$MH+0x00000143a61a5c00'
Event: 9.614 Thread 0x000001438e79eb30 Unloading class 0x00000143a61a5800 'java/lang/invoke/LambdaForm$BMH+0x00000143a61a5800'
Event: 9.614 Thread 0x000001438e79eb30 Unloading class 0x00000143a61a5400 'java/lang/invoke/LambdaForm$DMH+0x00000143a61a5400'
Event: 9.614 Thread 0x000001438e79eb30 Unloading class 0x00000143a61a4000 'java/lang/invoke/LambdaForm$DMH+0x00000143a61a4000'
Event: 29.844 Thread 0x000001438e79eb30 Unloading class 0x00000143a6658800 'java/lang/invoke/LambdaForm$DMH+0x00000143a6658800'

Classes redefined (0 events):
No events

Internal exceptions (20 events):
Event: 84.172 Thread 0x00000143ec1c2120 Exception <a 'sun/nio/fs/WindowsException'{0x00000000d575fe00}> (0x00000000d575fe00) 
thrown [s\src\hotspot\share\prims\jni.cpp, line 520]
Event: 84.460 Thread 0x00000143ec1c2120 Exception <a 'sun/nio/fs/WindowsException'{0x00000000d55d7b08}> (0x00000000d55d7b08) 
thrown [s\src\hotspot\share\prims\jni.cpp, line 520]
Event: 84.636 Thread 0x00000143ec1c2120 Exception <a 'sun/nio/fs/WindowsException'{0x00000000d55fc0a0}> (0x00000000d55fc0a0) 
thrown [s\src\hotspot\share\prims\jni.cpp, line 520]
Event: 84.752 Thread 0x00000143ec1c2120 Exception <a 'sun/nio/fs/WindowsException'{0x00000000d562a160}> (0x00000000d562a160) 
thrown [s\src\hotspot\share\prims\jni.cpp, line 520]
Event: 84.922 Thread 0x00000143ec1c2120 Exception <a 'sun/nio/fs/WindowsException'{0x00000000d56cfcd0}> (0x00000000d56cfcd0) 
thrown [s\src\hotspot\share\prims\jni.cpp, line 520]
Event: 85.053 Thread 0x00000143ec1c2120 Exception <a 'sun/nio/fs/WindowsException'{0x00000000d5615678}> (0x00000000d5615678) 
thrown [s\src\hotspot\share\prims\jni.cpp, line 520]
Event: 85.120 Thread 0x00000143ec1c2120 Exception <a 'sun/nio/fs/WindowsException'{0x00000000d56f6d60}> (0x00000000d56f6d60) 
thrown [s\src\hotspot\share\prims\jni.cpp, line 520]
Event: 85.289 Thread 0x00000143ec1c2120 Exception <a 'sun/nio/fs/WindowsException'{0x00000000d5741330}> (0x00000000d5741330) 
thrown [s\src\hotspot\share\prims\jni.cpp, line 520]
Event: 85.360 Thread 0x00000143ec1c2120 Exception <a 'sun/nio/fs/WindowsException'{0x00000000d57bd4c8}> (0x00000000d57bd4c8) 
thrown [s\src\hotspot\share\prims\jni.cpp, line 520]
Event: 85.478 Thread 0x00000143ec1c2120 Exception <a 'sun/nio/fs/WindowsException'{0x00000000d55ec498}> (0x00000000d55ec498) 
thrown [s\src\hotspot\share\prims\jni.cpp, line 520]
Event: 85.960 Thread 0x00000143ec1c2120 Exception <a 'sun/nio/fs/WindowsException'{0x00000000d564a490}> (0x00000000d564a490) 
thrown [s\src\hotspot\share\prims\jni.cpp, line 520]
Event: 86.082 Thread 0x00000143ec1c2120 Exception <a 'sun/nio/fs/WindowsException'{0x00000000d5628ea8}> (0x00000000d5628ea8) 
thrown [s\src\hotspot\share\prims\jni.cpp, line 520]
Event: 86.104 Thread 0x00000143ec1c2120 Exception <a 'sun/nio/fs/WindowsException'{0x00000000d5647808}> (0x00000000d5647808) 
thrown [s\src\hotspot\share\prims\jni.cpp, line 520]
Event: 86.204 Thread 0x00000143ec1c2120 Exception <a 'sun/nio/fs/WindowsException'{0x00000000d55cd1a0}> (0x00000000d55cd1a0) 
thrown [s\src\hotspot\share\prims\jni.cpp, line 520]
Event: 86.773 Thread 0x00000143ec1c2120 Exception <a 'sun/nio/fs/WindowsException'{0x00000000d5597cf0}> (0x00000000d5597cf0) 
thrown [s\src\hotspot\share\prims\jni.cpp, line 520]
Event: 86.829 Thread 0x00000143ec1c2120 Exception <a 'sun/nio/fs/WindowsException'{0x00000000d55c4288}> (0x00000000d55c4288) 
thrown [s\src\hotspot\share\prims\jni.cpp, line 520]
Event: 86.918 Thread 0x00000143ec1c2120 Exception <a 'sun/nio/fs/WindowsException'{0x00000000d55c9f78}> (0x00000000d55c9f78) 
thrown [s\src\hotspot\share\prims\jni.cpp, line 520]
Event: 86.939 Thread 0x00000143ec1c2120 Exception <a 'sun/nio/fs/WindowsException'{0x00000000d55e6f38}> (0x00000000d55e6f38) 
thrown [s\src\hotspot\share\prims\jni.cpp, line 520]
Event: 87.040 Thread 0x00000143ec1c2120 Exception <a 'sun/nio/fs/WindowsException'{0x00000000d57f6ed0}> (0x00000000d57f6ed0) 
thrown [s\src\hotspot\share\prims\jni.cpp, line 520]
Event: 87.093 Thread 0x00000143ec1c2120 Exception <a 'sun/nio/fs/WindowsException'{0x00000000d569dbf8}> (0x00000000d569dbf8) 
thrown [s\src\hotspot\share\prims\jni.cpp, line 520]

ZGC Phase Switch (0 events):
No events

VM Operations (20 events):
Event: 88.299 Executing VM operation: ParallelGCFailedAllocation (Allocation Failure)
Event: 88.307 Executing VM operation: ParallelGCFailedAllocation (Allocation Failure) done
Event: 88.349 Executing VM operation: ParallelGCFailedAllocation (Allocation Failure)
Event: 88.355 Executing VM operation: ParallelGCFailedAllocation (Allocation Failure) done
Event: 88.448 Executing VM operation: ParallelGCFailedAllocation (Allocation Failure)
Event: 88.453 Executing VM operation: ParallelGCFailedAllocation (Allocation Failure) done
Event: 88.532 Executing VM operation: ParallelGCFailedAllocation (Allocation Failure)
Event: 88.538 Executing VM operation: ParallelGCFailedAllocation (Allocation Failure) done
Event: 88.600 Executing VM operation: ParallelGCFailedAllocation (Allocation Failure)
Event: 88.606 Executing VM operation: ParallelGCFailedAllocation (Allocation Failure) done
Event: 88.641 Executing VM operation: ParallelGCFailedAllocation (Allocation Failure)
Event: 88.647 Executing VM operation: ParallelGCFailedAllocation (Allocation Failure) done
Event: 88.687 Executing VM operation: ParallelGCFailedAllocation (Allocation Failure)
Event: 88.691 Executing VM operation: ParallelGCFailedAllocation (Allocation Failure) done
Event: 88.739 Executing VM operation: ParallelGCFailedAllocation (Allocation Failure)
Event: 88.744 Executing VM operation: ParallelGCFailedAllocation (Allocation Failure) done
Event: 88.792 Executing VM operation: ParallelGCFailedAllocation (Allocation Failure)
Event: 88.797 Executing VM operation: ParallelGCFailedAllocation (Allocation Failure) done
Event: 89.812 Executing VM operation: Cleanup
Event: 89.812 Executing VM operation: Cleanup done

Memory protections (0 events):
No events

Nmethod flushes (20 events):
Event: 29.885 Thread 0x000001438e79eb30 flushing  nmethod 0x00000143921c8b10
Event: 29.885 Thread 0x000001438e79eb30 flushing  nmethod 0x00000143921c9d10
Event: 29.885 Thread 0x000001438e79eb30 flushing  nmethod 0x00000143921cac10
Event: 29.885 Thread 0x000001438e79eb30 flushing  nmethod 0x00000143921cb210
Event: 29.885 Thread 0x000001438e79eb30 flushing  nmethod 0x00000143921cba90
Event: 29.886 Thread 0x000001438e79eb30 flushing  nmethod 0x00000143921cc010
Event: 29.886 Thread 0x000001438e79eb30 flushing  nmethod 0x00000143921cc710
Event: 29.886 Thread 0x000001438e79eb30 flushing  nmethod 0x00000143921cd490
Event: 29.886 Thread 0x000001438e79eb30 flushing  nmethod 0x00000143921d1f90
Event: 29.886 Thread 0x000001438e79eb30 flushing  nmethod 0x00000143921d3190
Event: 29.886 Thread 0x000001438e79eb30 flushing  nmethod 0x00000143921d7e90
Event: 29.886 Thread 0x000001438e79eb30 flushing  nmethod 0x00000143921da510
Event: 29.886 Thread 0x000001438e79eb30 flushing  nmethod 0x00000143921dd310
Event: 29.886 Thread 0x000001438e79eb30 flushing  nmethod 0x00000143921dd910
Event: 29.886 Thread 0x000001438e79eb30 flushing  nmethod 0x00000143921de190
Event: 29.886 Thread 0x000001438e79eb30 flushing  nmethod 0x00000143921f1c10
Event: 29.886 Thread 0x000001438e79eb30 flushing  nmethod 0x00000143921f4e90
Event: 29.886 Thread 0x000001438e79eb30 flushing  nmethod 0x0000014392202f90
Event: 29.886 Thread 0x000001438e79eb30 flushing  nmethod 0x0000014392230f10
Event: 29.886 Thread 0x000001438e79eb30 flushing  nmethod 0x0000014392234710

Events (20 events):
Event: 41.724 Thread 0x00000143efe92380 Thread exited: 0x00000143efe92380
Event: 41.725 Thread 0x00000143efe90940 Thread exited: 0x00000143efe90940
Event: 41.725 Thread 0x00000143efe91cf0 Thread exited: 0x00000143efe91cf0
Event: 41.726 Thread 0x00000143efe92a10 Thread exited: 0x00000143efe92a10
Event: 46.996 Thread 0x00000143ef6c7a10 Thread exited: 0x00000143ef6c7a10
Event: 47.412 Thread 0x00000143ef0b6630 Thread exited: 0x00000143ef0b6630
Event: 51.682 Thread 0x000001438e6ad8f0 Thread added: 0x00000143f1e11ea0
Event: 53.989 Thread 0x00000143f1e11ea0 Thread exited: 0x00000143f1e11ea0
Event: 54.084 Thread 0x000001438e680d70 Thread added: 0x00000143f1e13310
Event: 54.627 Thread 0x00000143f1e13310 Thread exited: 0x00000143f1e13310
Event: 55.915 Thread 0x000001438e680d70 Thread added: 0x00000143f1e0fc90
Event: 56.327 Thread 0x00000143f1e0fc90 Thread exited: 0x00000143f1e0fc90
Event: 57.970 Thread 0x000001438e6ad8f0 Thread added: 0x00000143f1e117d0
Event: 58.414 Thread 0x00000143f1e117d0 Thread exited: 0x00000143f1e117d0
Event: 61.179 Thread 0x000001438e680d70 Thread added: 0x00000143f1e10a30
Event: 62.615 Thread 0x00000143f1e10a30 Thread exited: 0x00000143f1e10a30
Event: 87.110 Thread 0x000001438e6ad8f0 Thread added: 0x00000143f1e10a30
Event: 87.115 Thread 0x00000143f1e10a30 Thread added: 0x00000143f1e13310
Event: 87.719 Thread 0x00000143f1e13310 Thread exited: 0x00000143f1e13310
Event: 88.589 Thread 0x00000143f1e10a30 Thread exited: 0x00000143f1e10a30


Dynamic libraries:
0x00007ff609f30000 - 0x00007ff609f3e000 	c:\Users\rayar\.vscode\extensions\redhat.java-1.46.0-win32-x64\jre\21.0.8-win32-x86_64\bin\java.exe
0x00007ffe14e40000 - 0x00007ffe150a9000 	C:\WINDOWS\SYSTEM32\ntdll.dll
0x00007ffe142f0000 - 0x00007ffe143b9000 	C:\WINDOWS\System32\KERNEL32.DLL
0x00007ffe12420000 - 0x00007ffe12813000 	C:\WINDOWS\System32\KERNELBASE.dll
0x00007ffe12950000 - 0x00007ffe12a9b000 	C:\WINDOWS\System32\ucrtbase.dll
0x00007ffdebf20000 - 0x00007ffdebf38000 	c:\Users\rayar\.vscode\extensions\redhat.java-1.46.0-win32-x64\jre\21.0.8-win32-x86_64\bin\jli.dll
0x00007ffdebc00000 - 0x00007ffdebc1e000 	c:\Users\rayar\.vscode\extensions\redhat.java-1.46.0-win32-x64\jre\21.0.8-win32-x86_64\bin\VCRUNTIME140.dll
0x00007ffe139c0000 - 0x00007ffe13b84000 	C:\WINDOWS\System32\USER32.dll
0x00007ffe123f0000 - 0x00007ffe12417000 	C:\WINDOWS\System32\win32u.dll
0x00007ffe13990000 - 0x00007ffe139bb000 	C:\WINDOWS\System32\GDI32.dll
0x00007ffdf2a90000 - 0x00007ffdf2d23000 	C:\WINDOWS\WinSxS\amd64_microsoft.windows.common-controls_6595b64144ccf1df_6.0.26100.5074_none_3e0d6f78e32fd63f\COMCTL32.dll
0x00007ffe12820000 - 0x00007ffe1294d000 	C:\WINDOWS\System32\gdi32full.dll
0x00007ffe13b90000 - 0x00007ffe13c39000 	C:\WINDOWS\System32\msvcrt.dll
0x00007ffe12b60000 - 0x00007ffe12c03000 	C:\WINDOWS\System32\msvcp_win.dll
0x00007ffe13fb0000 - 0x00007ffe13fdf000 	C:\WINDOWS\System32\IMM32.DLL
0x00007ffe018c0000 - 0x00007ffe018cc000 	c:\Users\rayar\.vscode\extensions\redhat.java-1.46.0-win32-x64\jre\21.0.8-win32-x86_64\bin\vcruntime140_1.dll
0x00007ffdc15a0000 - 0x00007ffdc162d000 	c:\Users\rayar\.vscode\extensions\redhat.java-1.46.0-win32-x64\jre\21.0.8-win32-x86_64\bin\msvcp140.dll
0x00007ffd62200000 - 0x00007ffd62f97000 	c:\Users\rayar\.vscode\extensions\redhat.java-1.46.0-win32-x64\jre\21.0.8-win32-x86_64\bin\server\jvm.dll
0x00007ffe135b0000 - 0x00007ffe13664000 	C:\WINDOWS\System32\ADVAPI32.dll
0x00007ffe136f0000 - 0x00007ffe13796000 	C:\WINDOWS\System32\sechost.dll
0x00007ffe13e70000 - 0x00007ffe13f88000 	C:\WINDOWS\System32\RPCRT4.dll
0x00007ffe13910000 - 0x00007ffe13984000 	C:\WINDOWS\System32\WS2_32.dll
0x00007ffe11e30000 - 0x00007ffe11e8e000 	C:\WINDOWS\SYSTEM32\POWRPROF.dll
0x00007ffe06540000 - 0x00007ffe06575000 	C:\WINDOWS\SYSTEM32\WINMM.dll
0x00007ffe01640000 - 0x00007ffe0164b000 	C:\WINDOWS\SYSTEM32\VERSION.dll
0x00007ffe11e10000 - 0x00007ffe11e24000 	C:\WINDOWS\SYSTEM32\UMPDC.dll
0x00007ffe10db0000 - 0x00007ffe10dcb000 	C:\WINDOWS\SYSTEM32\kernel.appcore.dll
0x00007ffe016f0000 - 0x00007ffe016fa000 	c:\Users\rayar\.vscode\extensions\redhat.java-1.46.0-win32-x64\jre\21.0.8-win32-x86_64\bin\jimage.dll
0x00007ffe0f740000 - 0x00007ffe0f982000 	C:\WINDOWS\SYSTEM32\DBGHELP.DLL
0x00007ffe14430000 - 0x00007ffe147ab000 	C:\WINDOWS\System32\combase.dll
0x00007ffe13360000 - 0x00007ffe13437000 	C:\WINDOWS\System32\OLEAUT32.dll
0x00007ffdf2db0000 - 0x00007ffdf2ded000 	C:\WINDOWS\SYSTEM32\dbgcore.DLL
0x00007ffe121e0000 - 0x00007ffe12279000 	C:\WINDOWS\System32\bcryptPrimitives.dll
0x00007ffe016a0000 - 0x00007ffe016af000 	c:\Users\rayar\.vscode\extensions\redhat.java-1.46.0-win32-x64\jre\21.0.8-win32-x86_64\bin\instrument.dll
0x00007ffdeb530000 - 0x00007ffdeb54f000 	c:\Users\rayar\.vscode\extensions\redhat.java-1.46.0-win32-x64\jre\21.0.8-win32-x86_64\bin\java.dll
0x00007ffe12c10000 - 0x00007ffe1335d000 	C:\WINDOWS\System32\SHELL32.dll
0x00007ffe12280000 - 0x00007ffe123ec000 	C:\WINDOWS\System32\wintypes.dll
0x00007ffe0fc00000 - 0x00007ffe10459000 	C:\WINDOWS\SYSTEM32\windows.storage.dll
0x00007ffe141d0000 - 0x00007ffe142c0000 	C:\WINDOWS\System32\SHCORE.dll
0x00007ffe143c0000 - 0x00007ffe14422000 	C:\WINDOWS\System32\shlwapi.dll
0x00007ffe11ef0000 - 0x00007ffe11f19000 	C:\WINDOWS\SYSTEM32\profapi.dll
0x00007ffde4b00000 - 0x00007ffde4b18000 	c:\Users\rayar\.vscode\extensions\redhat.java-1.46.0-win32-x64\jre\21.0.8-win32-x86_64\bin\zip.dll
0x00007ffdff790000 - 0x00007ffdff7a0000 	C:\Users\rayar\.vscode\extensions\redhat.java-1.46.0-win32-x64\jre\21.0.8-win32-x86_64\bin\net.dll
0x00007ffe099c0000 - 0x00007ffe09adf000 	C:\WINDOWS\SYSTEM32\WINHTTP.dll
0x00007ffe11330000 - 0x00007ffe1139b000 	C:\WINDOWS\system32\mswsock.dll
0x00007ffde48a0000 - 0x00007ffde48b6000 	C:\Users\rayar\.vscode\extensions\redhat.java-1.46.0-win32-x64\jre\21.0.8-win32-x86_64\bin\nio.dll
0x00007ffdf7960000 - 0x00007ffdf7970000 	c:\Users\rayar\.vscode\extensions\redhat.java-1.46.0-win32-x64\jre\21.0.8-win32-x86_64\bin\verify.dll
0x00007ffdc14c0000 - 0x00007ffdc1504000 	C:\Users\rayar\AppData\Roaming\Code\User\globalStorage\redhat.java\1.46.0\config_win\org.eclipse.equinox.launcher\org.eclipse.equinox.launcher.win32.win32.x86_64_1.2.1400.v20250801-0854\eclipse_11916.dll
0x00007ffe13c40000 - 0x00007ffe13dd8000 	C:\WINDOWS\System32\ole32.dll
0x00007ffdf56c0000 - 0x00007ffdf56ca000 	C:\Users\rayar\.vscode\extensions\redhat.java-1.46.0-win32-x64\jre\21.0.8-win32-x86_64\bin\management.dll
0x00007ffdf4d00000 - 0x00007ffdf4d0b000 	C:\Users\rayar\.vscode\extensions\redhat.java-1.46.0-win32-x64\jre\21.0.8-win32-x86_64\bin\management_ext.dll
0x00007ffe142e0000 - 0x00007ffe142e8000 	C:\WINDOWS\System32\PSAPI.DLL
0x00007ffe115d0000 - 0x00007ffe115eb000 	C:\WINDOWS\SYSTEM32\CRYPTSP.dll
0x00007ffe10d10000 - 0x00007ffe10d4b000 	C:\WINDOWS\system32\rsaenh.dll
0x00007ffe113d0000 - 0x00007ffe113fb000 	C:\WINDOWS\SYSTEM32\USERENV.dll
0x00007ffe11ec0000 - 0x00007ffe11ee6000 	C:\WINDOWS\SYSTEM32\bcrypt.dll
0x00007ffe115f0000 - 0x00007ffe115fc000 	C:\WINDOWS\SYSTEM32\CRYPTBASE.dll
0x00007ffe10840000 - 0x00007ffe10874000 	C:\WINDOWS\SYSTEM32\IPHLPAPI.DLL
0x00007ffe13520000 - 0x00007ffe1352a000 	C:\WINDOWS\System32\NSI.dll
0x00007ffd9a410000 - 0x00007ffd9a459000 	C:\Users\rayar\AppData\Local\Temp\jna-108290523\jna7116242284582140178.dll
0x00007ffe09c80000 - 0x00007ffe09c9e000 	C:\WINDOWS\SYSTEM32\dhcpcsvc6.DLL
0x00007ffe09be0000 - 0x00007ffe09c03000 	C:\WINDOWS\SYSTEM32\dhcpcsvc.DLL
0x00007ffdf3f50000 - 0x00007ffdf3f5e000 	C:\Users\rayar\.vscode\extensions\redhat.java-1.46.0-win32-x64\jre\21.0.8-win32-x86_64\bin\sunmscapi.dll
0x00007ffe11fd0000 - 0x00007ffe12147000 	C:\WINDOWS\System32\CRYPT32.dll
0x00007ffe117f0000 - 0x00007ffe11820000 	C:\WINDOWS\SYSTEM32\ncrypt.dll
0x00007ffe117a0000 - 0x00007ffe117df000 	C:\WINDOWS\SYSTEM32\NTASN1.dll
0x00007ffe10880000 - 0x00007ffe109a6000 	C:\WINDOWS\SYSTEM32\DNSAPI.dll
0x00007ffe01650000 - 0x00007ffe0165b000 	C:\Windows\System32\rasadhlp.dll
0x00007ffe09e30000 - 0x00007ffe09eb6000 	C:\WINDOWS\System32\fwpuclnt.dll
0x00007ffdf28c0000 - 0x00007ffdf28c9000 	C:\Users\rayar\.vscode\extensions\redhat.java-1.46.0-win32-x64\jre\21.0.8-win32-x86_64\bin\extnet.dll

JVMTI agents:
c:\Users\rayar\.vscode\extensions\redhat.java-1.46.0-win32-x64\lombok\lombok-1.18.39-4050.jar path:c:\Users\rayar\.vscode\extensions\redhat.java-1.46.0-win32-x64\jre\21.0.8-win32-x86_64\bin\instrument.dll, loaded, initialized, instrumentlib options:none

dbghelp: loaded successfully - version: 4.0.5 - missing functions: none
symbol engine: initialized successfully - sym options: 0x614 - pdb path: .;c:\Users\rayar\.vscode\extensions\redhat.java-1.46.0-win32-x64\jre\21.0.8-win32-x86_64\bin;C:\WINDOWS\SYSTEM32;C:\WINDOWS\WinSxS\amd64_microsoft.windows.common-controls_6595b64144ccf1df_6.0.26100.5074_none_3e0d6f78e32fd63f;c:\Users\rayar\.vscode\extensions\redhat.java-1.46.0-win32-x64\jre\21.0.8-win32-x86_64\bin\server;C:\Users\rayar\AppData\Roaming\Code\User\globalStorage\redhat.java\1.46.0\config_win\org.eclipse.equinox.launcher\org.eclipse.equinox.launcher.win32.win32.x86_64_1.2.1400.v20250801-0854;C:\Users\rayar\AppData\Local\Temp\jna-108290523

VM Arguments:
jvm_args: --add-modules=ALL-SYSTEM --add-opens=java.base/java.util=ALL-UNNAMED --add-opens=java.base/java.lang=ALL-UNNAMED --add-opens=java.base/sun.nio.fs=ALL-UNNAMED -Declipse.application=org.eclipse.jdt.ls.core.id1 -Dosgi.bundles.defaultStartLevel=4 -Declipse.product=org.eclipse.jdt.ls.core.product -Djava.import.generatesMetadataFilesAtProjectRoot=false -DDetectVMInstallationsJob.disabled=true -Dfile.encoding=utf8 -XX:+UseParallelGC -XX:GCTimeRatio=4 -XX:AdaptiveSizePolicyWeight=90 -Dsun.zip.disableMemoryMapping=true -Xmx2G -Xms100m -Xlog:disable -javaagent:c:\Users\rayar\.vscode\extensions\redhat.java-1.46.0-win32-x64\lombok\lombok-1.18.39-4050.jar -XX:+HeapDumpOnOutOfMemoryError -XX:HeapDumpPath=c:\Users\rayar\AppData\Roaming\Code\User\workspaceStorage\fc659901ca038100e07f4740fa709bd1\redhat.java -Daether.dependencyCollector.impl=bf 
java_command: c:\Users\rayar\.vscode\extensions\redhat.java-1.46.0-win32-x64\server\plugins\org.eclipse.equinox.launcher_1.7.0.v20250519-0528.jar -configuration c:\Users\rayar\AppData\Roaming\Code\User\globalStorage\redhat.java\1.46.0\config_win -data c:\Users\rayar\AppData\Roaming\Code\User\workspaceStorage\fc659901ca038100e07f4740fa709bd1\redhat.java\jdt_ws --pipe=\\.\pipe\lsp-87c1f6afb72fbc86462c4e08ea3664f1-sock
java_class_path (initial): c:\Users\rayar\.vscode\extensions\redhat.java-1.46.0-win32-x64\server\plugins\org.eclipse.equinox.launcher_1.7.0.v20250519-0528.jar
Launcher Type: SUN_STANDARD

[Global flags]
    uintx AdaptiveSizePolicyWeight                 = 90                                        {product} {command line}
     intx CICompilerCount                          = 4                                         {product} {ergonomic}
    uintx GCTimeRatio                              = 4                                         {product} {command line}
     bool HeapDumpOnOutOfMemoryError               = true                                   {manageable} {command line}
    ccstr HeapDumpPath                             = c:\Users\rayar\AppData\Roaming\Code\User\workspaceStorage\fc659901ca038100e07f4740fa709bd1\redhat.java         {manageable} {command line}
   size_t InitialHeapSize                          = 104857600                                 {product} {command line}
   size_t MaxHeapSize                              = 2147483648                                {product} {command line}
   size_t MaxNewSize                               = 715653120                                 {product} {ergonomic}
   size_t MinHeapDeltaBytes                        = 524288                                    {product} {ergonomic}
   size_t MinHeapSize                              = 104857600                                 {product} {command line}
   size_t NewSize                                  = 34603008                                  {product} {ergonomic}
    uintx NonNMethodCodeHeapSize                   = 5839372                                {pd product} {ergonomic}
    uintx NonProfiledCodeHeapSize                  = 122909434                              {pd product} {ergonomic}
   size_t OldSize                                  = 70254592                                  {product} {ergonomic}
    uintx ProfiledCodeHeapSize                     = 122909434                              {pd product} {ergonomic}
    uintx ReservedCodeCacheSize                    = 251658240                              {pd product} {ergonomic}
     bool SegmentedCodeCache                       = true                                      {product} {ergonomic}
   size_t SoftMaxHeapSize                          = 2147483648                             {manageable} {ergonomic}
     bool UseCompressedOops                        = true                           {product lp64_product} {ergonomic}
     bool UseLargePagesIndividualAllocation        = false                                  {pd product} {ergonomic}
     bool UseParallelGC                            = true                                      {product} {command line}

Logging:
Log output configuration:
 #0: stdout all=off uptime,level,tags foldmultilines=false
 #1: stderr all=off uptime,level,tags foldmultilines=false

Environment Variables:
JAVA_HOME=C:\Program Files\Java\jdk-17
PATH=C:\Program Files (x86)\VMware\VMware Player\bin\;C:\Program Files\Common Files\Oracle\Java\javapath;C:\WINDOWS\system32;C:\WINDOWS;C:\WINDOWS\System32\Wbem;C:\WINDOWS\System32\WindowsPowerShell\v1.0\;C:\WINDOWS\System32\OpenSSH\;C:\Program Files\MATLAB\R2023b\runtime\win64;C:\Program Files\MATLAB\R2023b\bin;C:\Program Files\Git\cmd;C:\Program Files\Git\bin;C:\Program Files\PuTTY\;C:\Users\rayar\AppData\Local\Programs\Python\Python312;C:\Users\rayar\AppData\Local\Programs\Python\Python312\Scripts;C:\ProgramData\ComposerSetup\bin;C:\Program Files\nodejs\;C:\xampp\php;C:\ProgramData\chocolatey\bin;C:\Users\rayar\AppData\Local\Android\Sdk\platform-tools;C:\Program Files\Docker\Docker\resources\bin;C:\Program Files\Java\jdk-17\bin;C:\Program Files\Apache\Maven\bin;C:\Program Files (x86)\Windows Kits\10\Windows Performance Toolkit\;C:\Program Files\apache-maven-3.9.11\bin;C:\Users\rayar\AppData\Local\Programs\Python\Launcher\;C:\Users\rayar\AppData\Local\Microsoft\WindowsApps;C:\Users\rayar\AppData\Local\Programs\Microsoft VS Code\bin;C:\xampp2\php;C:\Users\rayar\AppData\Roaming\Composer\vendor\bin;C:\Users\rayar\AppData\Local\Microsoft\WinGet\Packages\Schniz.fnm_Microsoft.Winget.Source_8wekyb3d8bbwe;C:\Users\rayar\AppData\Roaming\npm;C:\Users\rayar\AppData\Local\spicetify;%USERPROFILE%\AppData\Local\Microsoft\WindowsApps;
USERNAME=rayar
OS=Windows_NT
PROCESSOR_IDENTIFIER=Intel64 Family 6 Model 140 Stepping 2, GenuineIntel
TMP=C:\Users\rayar\AppData\Local\Temp
TEMP=C:\Users\rayar\AppData\Local\Temp




Periodic native trim disabled

---------------  S Y S T E M  ---------------

OS:
 Windows 11 , 64 bit Build 26100 (10.0.26100.5074)
OS uptime: 0 days 16:04 hours
Hyper-V role detected

CPU: total 8 (initial active 8) (4 cores per cpu, 2 threads per core) family 6 model 140 stepping 2 microcode 0x34, cx8, cmov, fxsr, ht, mmx, 3dnowpref, sse, sse2, sse3, ssse3, sse4.1, sse4.2, popcnt, lzcnt, tsc, tscinvbit, avx, avx2, aes, erms, clmul, bmi1, bmi2, adx, avx512f, avx512dq, avx512cd, avx512bw, avx512vl, sha, fma, vzeroupper, avx512_vpopcntdq, avx512_vpclmulqdq, avx512_vaes, avx512_vnni, clflush, clflushopt, clwb, avx512_vbmi2, avx512_vbmi, hv, rdtscp, rdpid, fsrm, gfni, avx512_bitalg, f16c, cet_ibt, cet_ss, avx512_ifma
Processor Information for the first 8 processors :
  Max Mhz: 2496, Current Mhz: 2496, Mhz Limit: 2496

Memory: 4k page, system-wide physical 16026M (645M free)
TotalPageFile size 23490M (AvailPageFile size 88M)
current process WorkingSet (physical memory assigned to process): 1249M, peak: 1287M
current process commit charge ("private bytes"): 1211M, peak: 1250M

vm_info: OpenJDK 64-Bit Server VM (21.0.8+9-LTS) for windows-amd64 JRE (21.0.8+9-LTS), built on 2025-07-15T00:00:00Z by "admin" with MS VC++ 17.7 (VS2022)

END.
